<?xml version="1.0" encoding="UTF-8"?>
<!-- Generated by org.testng.reporters.JUnitReportReporter -->
<testsuite skipped="0" hostname="LAPTOP-E254P1KB" name="com.testcases.WithOutFramework" tests="1" failures="0" timestamp="2020-08-24T17:03:06 IST" time="9.495" errors="0">
  <testcase name="test1" time="9.495" classname="com.testcases.WithOutFramework"/>
</testsuite> <!-- com.testcases.WithOutFramework -->
